c:\users\ataraxia\documents\visual studio 2010\projects\snakeskeleton\snakeskeleton\debug\snakemain.obj
c:\users\ataraxia\documents\visual studio 2010\projects\snakeskeleton\snakeskeleton\debug\vc100.pdb
c:\users\ataraxia\documents\visual studio 2010\projects\snakeskeleton\debug\snakeskeleton.ilk
c:\users\ataraxia\documents\visual studio 2010\projects\snakeskeleton\debug\snakeskeleton.exe
c:\users\ataraxia\documents\visual studio 2010\projects\snakeskeleton\snakeskeleton\debug\snakeskeleton.exe.intermediate.manifest
c:\users\ataraxia\documents\visual studio 2010\projects\snakeskeleton\debug\snakeskeleton.pdb
c:\users\ataraxia\documents\visual studio 2010\projects\snakeskeleton\snakeskeleton\debug\vc120.pdb
c:\users\ataraxia\documents\visual studio 2010\projects\snakeskeleton\snakeskeleton\debug\vc120.idb
c:\users\ataraxia\documents\visual studio 2010\projects\snakeskeleton\snakeskeleton\debug\cl.command.1.tlog
c:\users\ataraxia\documents\visual studio 2010\projects\snakeskeleton\snakeskeleton\debug\cl.read.1.tlog
c:\users\ataraxia\documents\visual studio 2010\projects\snakeskeleton\snakeskeleton\debug\cl.write.1.tlog
c:\users\ataraxia\documents\visual studio 2010\projects\snakeskeleton\snakeskeleton\debug\link.command.1.tlog
c:\users\ataraxia\documents\visual studio 2010\projects\snakeskeleton\snakeskeleton\debug\link.read.1.tlog
c:\users\ataraxia\documents\visual studio 2010\projects\snakeskeleton\snakeskeleton\debug\link.write.1.tlog
c:\users\ataraxia\documents\visual studio 2010\projects\snakeskeleton\snakeskeleton\debug\mt.command.1.tlog
c:\users\ataraxia\documents\visual studio 2010\projects\snakeskeleton\snakeskeleton\debug\mt.read.1.tlog
c:\users\ataraxia\documents\visual studio 2010\projects\snakeskeleton\snakeskeleton\debug\mt.write.1.tlog
c:\users\ataraxia\documents\visual studio 2010\projects\snakeskeleton\snakeskeleton\debug\vc100.idb
c:\users\ataraxia\documents\visual studio 2010\projects\snakeskeleton\snakeskeleton\debug\snakeskeleton.tlog\cl.command.1.tlog
c:\users\ataraxia\documents\visual studio 2010\projects\snakeskeleton\snakeskeleton\debug\snakeskeleton.tlog\cl.read.1.tlog
c:\users\ataraxia\documents\visual studio 2010\projects\snakeskeleton\snakeskeleton\debug\snakeskeleton.tlog\cl.write.1.tlog
c:\users\ataraxia\documents\visual studio 2010\projects\snakeskeleton\snakeskeleton\debug\snakeskeleton.tlog\link-cvtres.read.1.tlog
c:\users\ataraxia\documents\visual studio 2010\projects\snakeskeleton\snakeskeleton\debug\snakeskeleton.tlog\link-cvtres.write.1.tlog
c:\users\ataraxia\documents\visual studio 2010\projects\snakeskeleton\snakeskeleton\debug\snakeskeleton.tlog\link-rc.read.1.tlog
c:\users\ataraxia\documents\visual studio 2010\projects\snakeskeleton\snakeskeleton\debug\snakeskeleton.tlog\link-rc.write.1.tlog
c:\users\ataraxia\documents\visual studio 2010\projects\snakeskeleton\snakeskeleton\debug\snakeskeleton.tlog\link.command.1.tlog
c:\users\ataraxia\documents\visual studio 2010\projects\snakeskeleton\snakeskeleton\debug\snakeskeleton.tlog\link.read.1.tlog
c:\users\ataraxia\documents\visual studio 2010\projects\snakeskeleton\snakeskeleton\debug\snakeskeleton.tlog\link.write.1.tlog
